WITOIL_iMagine/main.py:4: [F401] 'sys' imported but unused
WITOIL_iMagine/main.py:4: [E401] multiple imports on one line
WITOIL_iMagine/main.py:7: [F401] 'warnings' imported but unused
WITOIL_iMagine/main.py:11: [F401] 'datetime.datetime' imported but unused
WITOIL_iMagine/main.py:16: [F401] 'src.utils.read_oilbase' imported but unused
WITOIL_iMagine/main.py:17: [F403] 'from src.download import *' used; unable to detect undefined names
WITOIL_iMagine/main.py:72: [E712] comparison to True should be 'if cond is True:' or 'if cond:'
WITOIL_iMagine/main.py:201: [F405] 'download_copernicus' may be undefined, or defined from star imports: src.download
WITOIL_iMagine/main.py:232: [F405] 'write_cds' may be undefined, or defined from star imports: src.download
WITOIL_iMagine/main.py:243: [F405] 'get_era5' may be undefined, or defined from star imports: src.download
WITOIL_iMagine/main.py:253: [F405] 'process_era5' may be undefined, or defined from star imports: src.download
WITOIL_iMagine/main.py:290: [E712] comparison to True should be 'if cond is True:' or 'if cond:'
WITOIL_iMagine/main.py:404: [E712] comparison to False should be 'if cond is False:' or 'if not cond:'
WITOIL_iMagine/main.py:426: [E712] comparison to False should be 'if cond is False:' or 'if not cond:'
WITOIL_iMagine/main.py:518: [E226] missing whitespace around arithmetic operator
WITOIL_iMagine/src/download/__init__.py:1: [F403] 'from .download_copernicus_parser import *' used; unable to detect undefined names
WITOIL_iMagine/src/download/__init__.py:2: [F403] 'from .download_era5_parser import *' used; unable to detect undefined names
WITOIL_iMagine/src/download/download_copernicus_parser.py:2: [F401] 'argparse' imported but unused
WITOIL_iMagine/src/download/download_copernicus_parser.py:3: [F401] 'os' imported but unused
WITOIL_iMagine/src/download/download_copernicus_parser.py:5: [F401] 'datetime' imported but unused
WITOIL_iMagine/src/download/download_copernicus_parser.py:10: [F403] 'from WITOIL_iMagine.src.utils.utils import *' used; unable to detect undefined names
WITOIL_iMagine/src/download/download_copernicus_parser.py:63: [F405] 'Utils' may be undefined, or defined from star imports: WITOIL_iMagine.src.utils.utils
WITOIL_iMagine/src/download/download_copernicus_parser.py:140: [F405] 'Utils' may be undefined, or defined from star imports: WITOIL_iMagine.src.utils.utils
WITOIL_iMagine/src/download/download_era5_parser.py:1: [F401] 'numpy as np' imported but unused
WITOIL_iMagine/src/download/download_era5_parser.py:2: [F401] 'pdb' imported but unused
WITOIL_iMagine/src/download/download_era5_parser.py:8: [F401] 'time' imported but unused
WITOIL_iMagine/src/download/download_era5_parser.py:11: [F403] 'from WITOIL_iMagine.src.utils.utils import *' used; unable to detect undefined names
WITOIL_iMagine/src/download/download_era5_parser.py:56: [E226] missing whitespace around arithmetic operator
WITOIL_iMagine/src/download/download_era5_parser.py:56: [E226] missing whitespace around arithmetic operator
WITOIL_iMagine/src/download/download_era5_parser.py:106: [F405] 'xr' may be undefined, or defined from star imports: WITOIL_iMagine.src.utils.utils
WITOIL_iMagine/src/download/download_era5_parser.py:107: [F405] 'Utils' may be undefined, or defined from star imports: WITOIL_iMagine.src.utils.utils
WITOIL_iMagine/src/model/RUN/MODEL_SRC/ReadSatData_EMSA.py:2: [F401] 'time' imported but unused
WITOIL_iMagine/src/plot/plot_mdk3.py:5: [F401] 'shapely.geometry.LineString' imported but unused
WITOIL_iMagine/src/plot/plot_mdk3.py:5: [F401] 'shapely.geometry.Point' imported but unused
WITOIL_iMagine/src/plot/plot_mdk3.py:6: [F401] 'sys' imported but unused
WITOIL_iMagine/src/plot/plot_mdk3.py:6: [E401] multiple imports on one line
WITOIL_iMagine/src/plot/plot_mdk3.py:8: [F401] 'warnings' imported but unused
WITOIL_iMagine/src/plot/plot_mdk3.py:13: [F401] 'json' imported but unused
WITOIL_iMagine/src/plot/plot_mdk3.py:14: [F811] redefinition of unused 'Polygon' from line 5
WITOIL_iMagine/src/plot/plot_mdk3.py:14: [F401] 'shapely.geometry.Polygon' imported but unused
WITOIL_iMagine/src/plot/plot_mdk3.py:14: [F401] 'shapely.geometry.box' imported but unused
WITOIL_iMagine/src/plot/plot_mdk3.py:145: [E226] missing whitespace around arithmetic operator
WITOIL_iMagine/src/plot/plot_mdk3.py:152: [E226] missing whitespace around arithmetic operator
WITOIL_iMagine/src/plot/plotngl.py:1: [E401] multiple imports on one line
WITOIL_iMagine/src/plot/plotngl.py:3: [F401] 'warnings' imported but unused
WITOIL_iMagine/src/plot/plotngl.py:88: [E226] missing whitespace around arithmetic operator
WITOIL_iMagine/src/postprocessing/postprocessing_mdk3.py:8: [F811] redefinition of unused 'np' from line 1
WITOIL_iMagine/src/postprocessing/postprocessing_mdk3.py:9: [F811] redefinition of unused 'pd' from line 2
WITOIL_iMagine/src/postprocessing/postprocessing_mdk3.py:10: [F811] redefinition of unused 'xr' from line 3
WITOIL_iMagine/src/postprocessing/postprocessing_mdk3.py:12: [F811] redefinition of unused 'glob' from line 5
WITOIL_iMagine/src/postprocessing/postprocessing_mdk3.py:54: [E712] comparison to True should be 'if cond is True:' or 'if cond:'
WITOIL_iMagine/src/postprocessing/postprocessing_mdk3.py:192: [E712] comparison to True should be 'if cond is True:' or 'if cond:'
WITOIL_iMagine/src/preprocessing/preprocessing_mdk3.py:1: [F401] 'sys' imported but unused
WITOIL_iMagine/src/preprocessing/preprocessing_mdk3.py:1: [E401] multiple imports on one line
WITOIL_iMagine/src/preprocessing/preprocessing_mdk3.py:9: [F401] 'numpy.typing.NDArray' imported but unused
WITOIL_iMagine/src/preprocessing/preprocessing_mdk3.py:10: [F401] 'datetime.datetime' imported but unused
WITOIL_iMagine/src/preprocessing/preprocessing_mdk3.py:13: [F401] 'WITOIL_iMagine.src.utils.config.Config' imported but unused
WITOIL_iMagine/src/preprocessing/preprocessing_mdk3.py:15: [F811] redefinition of unused 'logging' from line 5
WITOIL_iMagine/src/preprocessing/preprocessing_mdk3.py:102: [F402] import 'date' from line 10 shadowed by loop variable
WITOIL_iMagine/src/preprocessing/preprocessing_mdk3.py:311: [E712] comparison to False should be 'if cond is False:' or 'if not cond:'
WITOIL_iMagine/src/preprocessing/preprocessing_mdk3.py:316: [E226] missing whitespace around arithmetic operator
WITOIL_iMagine/src/preprocessing/preprocessing_mdk3.py:324: [E712] comparison to False should be 'if cond is False:' or 'if not cond:'
WITOIL_iMagine/src/preprocessing/preprocessing_mdk3.py:328: [E226] missing whitespace around arithmetic operator
WITOIL_iMagine/src/preprocessing/preprocessing_mdk3.py:338: [E226] missing whitespace around arithmetic operator
WITOIL_iMagine/src/preprocessing/preprocessing_mdk3.py:376: [E712] comparison to True should be 'if cond is True:' or 'if cond:'
WITOIL_iMagine/src/preprocessing/preprocessing_mdk3.py:378: [E712] comparison to False should be 'if cond is False:' or 'if not cond:'
WITOIL_iMagine/src/preprocessing/preprocessing_mdk3.py:389: [E226] missing whitespace around arithmetic operator
WITOIL_iMagine/src/utils/utils.py:1: [F401] 'netCDF4.Dataset' imported but unused
WITOIL_iMagine/src/utils/utils.py:2: [F401] 'os' imported but unused
WITOIL_iMagine/src/utils/utils.py:2: [E401] multiple imports on one line
WITOIL_iMagine/src/utils/utils.py:9: [F401] 'xarray as xr' imported but unused
WITOIL_iMagine/src/utils/utils.py:15: [F811] redefinition of unused 'np' from line 3
WITOIL_iMagine/src/utils/utils.py:16: [F811] redefinition of unused 'pd' from line 4
WITOIL_iMagine/src/utils/utils.py:17: [F401] 'matplotlib.pyplot as plt' imported but unused
WITOIL_iMagine/src/utils/utils.py:20: [F401] 'time' imported but unused
WITOIL_iMagine/src/utils/utils.py:22: [F401] 'threading' imported but unused
WITOIL_iMagine/src/utils/utils.py:23: [F401] 'glob.glob' imported but unused
WITOIL_iMagine/src/utils/utils.py:259: [E226] missing whitespace around arithmetic operator
WITOIL_iMagine/src/utils/utils.py:321: [E226] missing whitespace around arithmetic operator
WITOIL_iMagine/src/utils/utils.py:345: [E226] missing whitespace around arithmetic operator
WITOIL_iMagine/src/utils/utils.py:345: [E226] missing whitespace around arithmetic operator
WITOIL_iMagine/src/utils/utils.py:431: [E226] missing whitespace around arithmetic operator
WITOIL_iMagine/src/utils/utils.py:544: [E266] too many leading '#' for block comment
api/interface.py:6: [F401] 'importlib.util' imported but unused
api/interface.py:10: [F401] 'WITOIL_iMagine.src.utils.read_oilbase' imported but unused
api/interface.py:11: [F403] 'from WITOIL_iMagine.src.download import *' used; unable to detect undefined names
api/interface.py:45: [F405] 'os' may be undefined, or defined from star imports: WITOIL_iMagine.src.download
api/interface.py:49: [F405] 'os' may be undefined, or defined from star imports: WITOIL_iMagine.src.download
api/interface.py:50: [F405] 'os' may be undefined, or defined from star imports: WITOIL_iMagine.src.download
api/interface.py:53: [F405] 'os' may be undefined, or defined from star imports: WITOIL_iMagine.src.download
api/interface.py:54: [F405] 'os' may be undefined, or defined from star imports: WITOIL_iMagine.src.download
api/interface.py:55: [F405] 'os' may be undefined, or defined from star imports: WITOIL_iMagine.src.download
api/interface.py:56: [F405] 'os' may be undefined, or defined from star imports: WITOIL_iMagine.src.download
api/interface.py:59: [F405] 'os' may be undefined, or defined from star imports: WITOIL_iMagine.src.download
api/interface.py:60: [F405] 'np' may be undefined, or defined from star imports: WITOIL_iMagine.src.download
api/interface.py:61: [F405] 'np' may be undefined, or defined from star imports: WITOIL_iMagine.src.download
api/interface.py:63: [E712] comparison to True should be 'if cond is True:' or 'if cond:'
api/interface.py:104: [F405] 'pd' may be undefined, or defined from star imports: WITOIL_iMagine.src.download
api/interface.py:138: [F405] 'os' may be undefined, or defined from star imports: WITOIL_iMagine.src.download
api/interface.py:160: [F405] 'pd' may be undefined, or defined from star imports: WITOIL_iMagine.src.download
api/interface.py:168: [F405] 'pd' may be undefined, or defined from star imports: WITOIL_iMagine.src.download
api/interface.py:169: [F405] 'pd' may be undefined, or defined from star imports: WITOIL_iMagine.src.download
api/interface.py:174: [F405] 'np' may be undefined, or defined from star imports: WITOIL_iMagine.src.download
api/interface.py:175: [F405] 'np' may be undefined, or defined from star imports: WITOIL_iMagine.src.download
api/interface.py:191: [F405] 'download_copernicus' may be undefined, or defined from star imports: WITOIL_iMagine.src.download
api/interface.py:207: [F405] 'subprocess' may be undefined, or defined from star imports: WITOIL_iMagine.src.download
api/interface.py:213: [F405] 'subprocess' may be undefined, or defined from star imports: WITOIL_iMagine.src.download
api/interface.py:222: [F405] 'write_cds' may be undefined, or defined from star imports: WITOIL_iMagine.src.download
api/interface.py:233: [F405] 'get_era5' may be undefined, or defined from star imports: WITOIL_iMagine.src.download
api/interface.py:243: [F405] 'process_era5' may be undefined, or defined from star imports: WITOIL_iMagine.src.download
api/interface.py:247: [F405] 'subprocess' may be undefined, or defined from star imports: WITOIL_iMagine.src.download
api/interface.py:253: [F405] 'subprocess' may be undefined, or defined from star imports: WITOIL_iMagine.src.download
api/interface.py:281: [E712] comparison to True should be 'if cond is True:' or 'if cond:'
api/interface.py:324: [F405] 'os' may be undefined, or defined from star imports: WITOIL_iMagine.src.download
api/interface.py:395: [E712] comparison to False should be 'if cond is False:' or 'if not cond:'
api/interface.py:415: [F405] 'subprocess' may be undefined, or defined from star imports: WITOIL_iMagine.src.download
api/interface.py:417: [E712] comparison to False should be 'if cond is False:' or 'if not cond:'
api/interface.py:419: [F405] 'subprocess' may be undefined, or defined from star imports: WITOIL_iMagine.src.download
api/interface.py:426: [F405] 'subprocess' may be undefined, or defined from star imports: WITOIL_iMagine.src.download
api/interface.py:434: [F405] 'subprocess' may be undefined, or defined from star imports: WITOIL_iMagine.src.download
api/interface.py:442: [F405] 'subprocess' may be undefined, or defined from star imports: WITOIL_iMagine.src.download
api/interface.py:449: [F405] 'subprocess' may be undefined, or defined from star imports: WITOIL_iMagine.src.download
api/interface.py:456: [F405] 'subprocess' may be undefined, or defined from star imports: WITOIL_iMagine.src.download
api/interface.py:464: [F405] 'subprocess' may be undefined, or defined from star imports: WITOIL_iMagine.src.download
api/interface.py:473: [F405] 'glob' may be undefined, or defined from star imports: WITOIL_iMagine.src.download
api/interface.py:475: [F405] 'subprocess' may be undefined, or defined from star imports: WITOIL_iMagine.src.download
api/interface.py:481: [F405] 'subprocess' may be undefined, or defined from star imports: WITOIL_iMagine.src.download
api/interface.py:488: [F405] 'subprocess' may be undefined, or defined from star imports: WITOIL_iMagine.src.download
api/interface.py:495: [F405] 'subprocess' may be undefined, or defined from star imports: WITOIL_iMagine.src.download
api/interface.py:501: [F405] 'subprocess' may be undefined, or defined from star imports: WITOIL_iMagine.src.download
api/interface.py:507: [F405] 'subprocess' may be undefined, or defined from star imports: WITOIL_iMagine.src.download
api/interface.py:514: [F405] 'subprocess' may be undefined, or defined from star imports: WITOIL_iMagine.src.download
api/interface.py:523: [F405] 'subprocess' may be undefined, or defined from star imports: WITOIL_iMagine.src.download
api/interface.py:527: [F405] 'subprocess' may be undefined, or defined from star imports: WITOIL_iMagine.src.download
api/interface.py:547: [F405] 'os' may be undefined, or defined from star imports: WITOIL_iMagine.src.download
api/responses.py:9: [F401] 'io' imported but unused
15    E226 missing whitespace around arithmetic operator
1     E266 too many leading '#' for block comment
5     E401 multiple imports on one line
14    E712 comparison to True should be 'if cond is True:' or 'if cond:'
33    F401 'sys' imported but unused
1     F402 import 'date' from line 10 shadowed by loop variable
6     F403 'from src.download import *' used; unable to detect undefined names
53    F405 'download_copernicus' may be undefined, or defined from star imports: src.download
8     F811 redefinition of unused 'Polygon' from line 5
